12:27:41 **** Build of configuration Nios II for project DE10_LITE_Nios ****
make all 
Info: Building ../DE10_LITE_Nios_bsp/
C:/intelFPGA_lite/18.1/nios2eds/bin/gnu/H-x86_64-mingw32/bin/make --no-print-directory -C ../DE10_LITE_Nios_bsp/
[BSP build complete]
Info: Compiling hello_world.c to obj/default/hello_world.o
nios2-elf-gcc -xc -MP -MMD -c -I../DE10_LITE_Nios_bsp//HAL/inc -I../DE10_LITE_Nios_bsp/ -I../DE10_LITE_Nios_bsp//drivers/inc  -pipe -D__hal__ -DALT_NO_INSTRUCTION_EMULATION -DALT_SINGLE_THREADED    -O0 -g -Wall   -mno-hw-div -mno-hw-mul -mno-hw-mulx -mgpopt=global  -o obj/default/hello_world.o hello_world.c
Info: Linking DE10_LITE_Nios.elf
nios2-elf-g++  -T'../DE10_LITE_Nios_bsp//linker.x' -msys-crt0='../DE10_LITE_Nios_bsp//obj/HAL/src/crt0.o' -msys-lib=hal_bsp -L../DE10_LITE_Nios_bsp/   -Wl,-Map=DE10_LITE_Nios.map   -O0 -g -Wall   -mno-hw-div -mno-hw-mul -mno-hw-mulx -mgpopt=global  -o DE10_LITE_Nios.elf obj/default/hello_world.o -lm -msys-lib=m
nios2-elf-insert DE10_LITE_Nios.elf --thread_model hal --cpu_name nios2_gen2_0 --qsys true --simulation_enabled false --id 0 --sidp 0x4041048 --timestamp 1579058159 --stderr_dev jtag_uart --stdin_dev jtag_uart --stdout_dev jtag_uart --sopc_system_name DE10_LITE_Qsys --quartus_project_dir "D:/ALTERA/DE10_LITE_Nios" --jdi ../..//output_files/DE10_LITE_Nios.jdi --sopcinfo D:/ALTERA/DE10_LITE_Nios/software_Hello_World/DE10_LITE_Nios_bsp/../../DE10_LITE_Qsys.sopcinfo
Info: (DE10_LITE_Nios.elf) 29 KBytes program size (code + initialized data).
Info:                      65528 KBytes free for stack + heap.
Info: Creating DE10_LITE_Nios.objdump
nios2-elf-objdump --disassemble --syms --all-header --source DE10_LITE_Nios.elf >DE10_LITE_Nios.objdump
[DE10_LITE_Nios build complete]
12:28:19 **** Incremental Build of configuration Nios II for project DE10_LITE_Nios ****
make all 
Info: Building ../DE10_LITE_Nios_bsp/
C:/intelFPGA_lite/18.1/nios2eds/bin/gnu/H-x86_64-mingw32/bin/make --no-print-directory -C ../DE10_LITE_Nios_bsp/
[BSP build complete]
[DE10_LITE_Nios build complete]
12:28:33 **** Incremental Build of configuration Nios II for project DE10_LITE_Nios ****
make all 
Info: Building ../DE10_LITE_Nios_bsp/
C:/intelFPGA_lite/18.1/nios2eds/bin/gnu/H-x86_64-mingw32/bin/make --no-print-directory -C ../DE10_LITE_Nios_bsp/
[BSP build complete]
[DE10_LITE_Nios build complete]
