15:19:51 **** Incremental Build of configuration Nios II for project DE10_LITE_Nios ****
make all 
Info: Building ../DE10_LITE_Nios_bsp/
C:/intelFPGA_lite/18.1/nios2eds/bin/gnu/H-x86_64-mingw32/bin/make --no-print-directory -C ../DE10_LITE_Nios_bsp/
[BSP build complete]
[DE10_LITE_Nios build complete]
15:20:03 **** Incremental Build of configuration Nios II for project DE10_LITE_Nios ****
make all 
Info: Building ../DE10_LITE_Nios_bsp/
C:/intelFPGA_lite/18.1/nios2eds/bin/gnu/H-x86_64-mingw32/bin/make --no-print-directory -C ../DE10_LITE_Nios_bsp/
[BSP build complete]
[DE10_LITE_Nios build complete]
15:20:31 **** Incremental Build of configuration Nios II for project DE10_LITE_Nios ****
make all 
Info: Building ../DE10_LITE_Nios_bsp/
C:/intelFPGA_lite/18.1/nios2eds/bin/gnu/H-x86_64-mingw32/bin/make --no-print-directory -C ../DE10_LITE_Nios_bsp/
[BSP build complete]
[DE10_LITE_Nios build complete]
15:21:22 **** Incremental Build of configuration Nios II for project DE10_LITE_Nios ****
make all 
Info: Building ../DE10_LITE_Nios_bsp/
C:/intelFPGA_lite/18.1/nios2eds/bin/gnu/H-x86_64-mingw32/bin/make --no-print-directory -C ../DE10_LITE_Nios_bsp/
[BSP build complete]
[DE10_LITE_Nios build complete]
15:21:46 **** Incremental Build of configuration Nios II for project DE10_LITE_Nios ****
make all 
Info: Building ../DE10_LITE_Nios_bsp/
C:/intelFPGA_lite/18.1/nios2eds/bin/gnu/H-x86_64-mingw32/bin/make --no-print-directory -C ../DE10_LITE_Nios_bsp/
[BSP build complete]
[DE10_LITE_Nios build complete]
